2021-05-08T13:09:14.728Z
Error: ENOENT: no such file or directory, stat 'F:\Jeroen\Dropbox\Spring test project\cooking-hub\recipes-hub-schema.dbml'
    at Object.statSync (fs.js:1086:3)
    at validateFilePlugin (C:\Users\eiken\AppData\Roaming\npm\node_modules\@dbml\cli\lib\cli\validatePlugins\validatePlugins.js:13:28)
    at C:\Users\eiken\AppData\Roaming\npm\node_modules\@dbml\cli\lib\cli\utils.js:28:31
    at Array.every (<anonymous>)
    at validateInputFilePaths (C:\Users\eiken\AppData\Roaming\npm\node_modules\@dbml\cli\lib\cli\utils.js:28:16)
    at exportHandler (C:\Users\eiken\AppData\Roaming\npm\node_modules\@dbml\cli\lib\cli\export.js:33:39)
    at Object.dbml2sql (C:\Users\eiken\AppData\Roaming\npm\node_modules\@dbml\cli\lib\cli\index.js:27:23)
    at Object.<anonymous> (C:\Users\eiken\AppData\Roaming\npm\node_modules\@dbml\cli\bin\dbml2sql.js:4:19)
    at Module._compile (internal/modules/cjs/loader.js:1063:30)
    at Object.Module._extensions..js (internal/modules/cjs/loader.js:1092:10)

2021-05-08T13:11:08.498Z
SyntaxError: You have a syntax error at "recipes-hub-schema.dbml" line 32 column 32. Can't find table "ingredient"
    at C:\Users\eiken\AppData\Roaming\npm\node_modules\@dbml\cli\lib\cli\utils.js:55:13
    at Array.forEach (<anonymous>)
    at generate (C:\Users\eiken\AppData\Roaming\npm\node_modules\@dbml\cli\lib\cli\utils.js:48:14)
    at exportHandler (C:\Users\eiken\AppData\Roaming\npm\node_modules\@dbml\cli\lib\cli\export.js:41:27)
    at Object.dbml2sql (C:\Users\eiken\AppData\Roaming\npm\node_modules\@dbml\cli\lib\cli\index.js:27:23)
    at Object.<anonymous> (C:\Users\eiken\AppData\Roaming\npm\node_modules\@dbml\cli\bin\dbml2sql.js:4:19)
    at Module._compile (internal/modules/cjs/loader.js:1063:30)
    at Object.Module._extensions..js (internal/modules/cjs/loader.js:1092:10)
    at Module.load (internal/modules/cjs/loader.js:928:32)
    at Function.Module._load (internal/modules/cjs/loader.js:769:14)

ROOT_ERROR:
Error: Can't find table "ingredient"
    at Endpoint.error (C:\Users\eiken\AppData\Roaming\npm\node_modules\@dbml\cli\node_modules\@dbml\core\lib\model_structure\element.js:77:13)
    at new Endpoint (C:\Users\eiken\AppData\Roaming\npm\node_modules\@dbml\cli\node_modules\@dbml\core\lib\model_structure\endpoint.js:74:13)
    at C:\Users\eiken\AppData\Roaming\npm\node_modules\@dbml\cli\node_modules\@dbml\core\lib\model_structure\ref.js:95:31
    at Array.forEach (<anonymous>)
    at Ref.processEndpoints (C:\Users\eiken\AppData\Roaming\npm\node_modules\@dbml\cli\node_modules\@dbml\core\lib\model_structure\ref.js:94:20)
    at new Ref (C:\Users\eiken\AppData\Roaming\npm\node_modules\@dbml\cli\node_modules\@dbml\core\lib\model_structure\ref.js:79:11)
    at C:\Users\eiken\AppData\Roaming\npm\node_modules\@dbml\cli\node_modules\@dbml\core\lib\model_structure\database.js:167:28
    at Array.forEach (<anonymous>)
    at Database.processSchemaElements (C:\Users\eiken\AppData\Roaming\npm\node_modules\@dbml\cli\node_modules\@dbml\core\lib\model_structure\database.js:136:16)
    at new Database (C:\Users\eiken\AppData\Roaming\npm\node_modules\@dbml\cli\node_modules\@dbml\core\lib\model_structure\database.js:90:11)
{"start":{"offset":538,"line":32,"column":32},"end":{"offset":558,"line":32,"column":52}}

