Xtext Language Server is starting.
Xtext Language Server has been started.
[Trace - 11:22:42 a.m.] Received request 'initialize - (0)'
Params: {
  "processId": 15704,
  "rootPath": "f:\\Jeroen\\Dropbox\\Spring test project\\cooking-hub",
  "rootUri": "file:///f%3A/Jeroen/Dropbox/Spring%20test%20project/cooking-hub",
  "capabilities": {
    "workspace": {
      "applyEdit": true,
      "workspaceEdit": {
        "documentChanges": true,
        "resourceOperations": [
          "create",
          "rename",
          "delete"
        ],
        "failureHandling": "textOnlyTransactional"
      },
      "didChangeConfiguration": {
        "dynamicRegistration": true
      },
      "didChangeWatchedFiles": {
        "dynamicRegistration": true
      },
      "symbol": {
        "symbolKind": {
          "valueSet": [
            1,
            2,
            3,
            4,
            5,
            6,
            7,
            8,
            9,
            10,
            11,
            12,
            13,
            14,
            15,
            16,
            17,
            18,
            19,
            20,
            21,
            22,
            23,
            24,
            25,
            26
          ]
        },
        "dynamicRegistration": true
      },
      "executeCommand": {
        "dynamicRegistration": true
      },
      "workspaceFolders": true,
      "configuration": true
    },
    "textDocument": {
      "synchronization": {
        "willSave": true,
        "willSaveWaitUntil": true,
        "didSave": true,
        "dynamicRegistration": true
      },
      "completion": {
        "completionItem": {
          "snippetSupport": true,
          "commitCharactersSupport": true,
          "documentationFormat": [
            "markdown",
            "plaintext"
          ],
          "deprecatedSupport": true,
          "preselectSupport": true
        },
        "completionItemKind": {
          "valueSet": [
            1,
            2,
            3,
            4,
            5,
            6,
            7,
            8,
            9,
            10,
            11,
            12,
            13,
            14,
            15,
            16,
            17,
            18,
            19,
            20,
            21,
            22,
            23,
            24,
            25
          ]
        },
        "contextSupport": true,
        "dynamicRegistration": true
      },
      "hover": {
        "contentFormat": [
          "markdown",
          "plaintext"
        ],
        "dynamicRegistration": true
      },
      "signatureHelp": {
        "signatureInformation": {
          "documentationFormat": [
            "markdown",
            "plaintext"
          ],
          "parameterInformation": {
            "labelOffsetSupport": true
          }
        },
        "dynamicRegistration": true
      },
      "references": {
        "dynamicRegistration": true
      },
      "documentHighlight": {
        "dynamicRegistration": true
      },
      "documentSymbol": {
        "symbolKind": {
          "valueSet": [
            1,
            2,
            3,
            4,
            5,
            6,
            7,
            8,
            9,
            10,
            11,
            12,
            13,
            14,
            15,
            16,
            17,
            18,
            19,
            20,
            21,
            22,
            23,
            24,
            25,
            26
          ]
        },
        "hierarchicalDocumentSymbolSupport": true,
        "dynamicRegistration": true
      },
      "formatting": {
        "dynamicRegistration": true
      },
      "rangeFormatting": {
        "dynamicRegistration": true
      },
      "onTypeFormatting": {
        "dynamicRegistration": true
      },
      "declaration": {
        "linkSupport": true,
        "dynamicRegistration": true
      },
      "definition": {
        "linkSupport": true,
        "dynamicRegistration": true
      },
      "typeDefinition": {
        "linkSupport": true,
        "dynamicRegistration": true
      },
      "implementation": {
        "linkSupport": true,
        "dynamicRegistration": true
      },
      "codeAction": {
        "codeActionLiteralSupport": {
          "codeActionKind": {
            "valueSet": [
              "",
              "quickfix",
              "refactor",
              "refactor.extract",
              "refactor.inline",
              "refactor.rewrite",
              "source",
              "source.organizeImports"
            ]
          }
        },
        "dynamicRegistration": true
      },
      "codeLens": {
        "dynamicRegistration": true
      },
      "documentLink": {
        "dynamicRegistration": true
      },
      "colorProvider": {
        "dynamicRegistration": true
      },
      "rename": {
        "prepareSupport": true,
        "dynamicRegistration": true
      },
      "publishDiagnostics": {
        "relatedInformation": true
      },
      "foldingRange": {
        "rangeLimit": 5000,
        "lineFoldingOnly": true,
        "dynamicRegistration": true
      }
    }
  },
  "trace": "off",
  "workspaceFolders": [
    {
      "uri": "file:///f%3A/Jeroen/Dropbox/Spring%20test%20project/cooking-hub",
      "name": "cooking-hub"
    }
  ]
}


DSL file does not contain views. Probably imported views.
[Trace - 11:22:47 a.m.] Sending response 'initialize - (0)'. Processing request took 4823ms
Result: {
  "capabilities": {
    "textDocumentSync": 2,
    "hoverProvider": true,
    "completionProvider": {
      "resolveProvider": false,
      "triggerCharacters": [
        "."
      ]
    },
    "signatureHelpProvider": {
      "triggerCharacters": [
        "(",
        ","
      ]
    },
    "definitionProvider": true,
    "referencesProvider": true,
    "documentHighlightProvider": true,
    "documentSymbolProvider": true,
    "workspaceSymbolProvider": true,
    "codeActionProvider": true,
    "codeLensProvider": {
      "resolveProvider": false
    },
    "documentFormattingProvider": true,
    "documentRangeFormattingProvider": true,
    "renameProvider": {
      "prepareProvider": true
    },
    "executeCommandProvider": {
      "commands": []
    },
    "workspace": {
      "workspaceFolders": {
        "supported": true,
        "changeNotifications": true
      }
    },
    "semanticHighlighting": {
      "scopes": []
    }
  }
}


[Trace - 11:22:47 a.m.] Received notification 'initialized'
Params: {}


[Trace - 11:22:47 a.m.] Sending notification 'textDocument/publishDiagnostics'
Params: {
  "uri": "file:///f:/Jeroen/Dropbox/Spring%20test%20project/cooking-hub/design-documents/architecture/recipes-hub.dsl",
  "diagnostics": []
}


[Trace - 11:22:47 a.m.] Received notification 'textDocument/didOpen'
Params: {
  "textDocument": {
    "uri": "file:///f%3A/Jeroen/Dropbox/Spring%20test%20project/cooking-hub/design-documents/architecture/recipes-hub.dsl",
    "languageId": "c4",
    "version": 1,
    "text": "workspace {\r\n    model {\r\n        user \u003d person \"User\"\r\n\r\n        softwareSystem \"Software System\"  {\r\n            wa \u003d container \"Web Application\" \"React\"\r\n            db \u003d container \"Database\" \"PostgreSQL\"\r\n            api \u003d container \"application service\" \"Spring Boot\"\r\n        }\r\n\r\n        user -\u003e wa \"Views existing recipes and adds new ones\"\r\n        wa -\u003e api \"Uses for getting data\"\r\n        api -\u003e db \"Request data\"\r\n\r\n    }\r\n\r\n}"
  }
}


[Trace - 11:22:47 a.m.] Sending notification 'textDocument/publishDiagnostics'
Params: {
  "uri": "file:///f:/Jeroen/Dropbox/Spring%20test%20project/cooking-hub/design-documents/architecture/recipes-hub.dsl",
  "diagnostics": []
}


DSL file does not contain views. Probably imported views.
